Performing C++ SOURCE FILE Test CMAKE_HAVE_LIBC_PTHREAD failed with the following output:
Change Dir: /Project/liweiguo/test/modern-cpp-template/build/CMakeFiles/CMakeTmp

Run Build Command(s):/usr/bin/ninja cmTC_88624 && [1/2] Building CXX object CMakeFiles/cmTC_88624.dir/src.cxx.o
[2/2] Linking CXX executable cmTC_88624
FAILED: cmTC_88624 
: && /usr/bin/x86_64-linux-gnu-g++-9  -DCMAKE_HAVE_LIBC_PTHREAD   CMakeFiles/cmTC_88624.dir/src.cxx.o  -o cmTC_88624   && :
/usr/bin/ld: CMakeFiles/cmTC_88624.dir/src.cxx.o: in function `main':
src.cxx:(.text+0x46): undefined reference to `pthread_create'
/usr/bin/ld: src.cxx:(.text+0x52): undefined reference to `pthread_detach'
/usr/bin/ld: src.cxx:(.text+0x63): undefined reference to `pthread_join'
collect2: error: ld returned 1 exit status
ninja: build stopped: subcommand failed.


Source file was:
#include <pthread.h>

void* test_func(void* data)
{
  return data;
}

int main(void)
{
  pthread_t thread;
  pthread_create(&thread, NULL, test_func, NULL);
  pthread_detach(thread);
  pthread_join(thread, NULL);
  pthread_atfork(NULL, NULL, NULL);
  pthread_exit(NULL);

  return 0;
}

Determining if the function pthread_create exists in the pthreads failed with the following output:
Change Dir: /Project/liweiguo/test/modern-cpp-template/build/CMakeFiles/CMakeTmp

Run Build Command(s):/usr/bin/ninja cmTC_5d4e3 && [1/2] Building CXX object CMakeFiles/cmTC_5d4e3.dir/CheckFunctionExists.cxx.o
[2/2] Linking CXX executable cmTC_5d4e3
FAILED: cmTC_5d4e3 
: && /usr/bin/x86_64-linux-gnu-g++-9  -DCHECK_FUNCTION_EXISTS=pthread_create   CMakeFiles/cmTC_5d4e3.dir/CheckFunctionExists.cxx.o  -o cmTC_5d4e3  -lpthreads && :
/usr/bin/ld: cannot find -lpthreads
collect2: error: ld returned 1 exit status
ninja: build stopped: subcommand failed.



